<?xml version="1.0" encoding="UTF-8"?>
<coverage generated="1670067528716" clover="3.2.0">
  <project timestamp="1670067528716" name="All files">
    <metrics statements="77" coveredstatements="77" conditionals="32" coveredconditionals="32" methods="11" coveredmethods="11" elements="120" coveredelements="120" complexity="0" loc="77" ncloc="77" packages="1" files="1" classes="1"/>
    <file name="range_list.js" path="/home/lighthouse/RangeList/src/range_list.js">
      <metrics statements="77" coveredstatements="77" conditionals="32" coveredconditionals="32" methods="11" coveredmethods="11"/>
      <line num="21" count="18" type="stmt"/>
      <line num="27" count="18" type="stmt"/>
      <line num="28" count="15" type="stmt"/>
      <line num="38" count="80" type="stmt"/>
      <line num="59" count="31" type="stmt"/>
      <line num="60" count="20" type="cond" truecount="2" falsecount="0"/>
      <line num="61" count="1" type="stmt"/>
      <line num="63" count="19" type="stmt"/>
      <line num="64" count="19" type="stmt"/>
      <line num="65" count="19" type="stmt"/>
      <line num="74" count="19" type="stmt"/>
      <line num="75" count="19" type="stmt"/>
      <line num="76" count="19" type="stmt"/>
      <line num="77" count="19" type="stmt"/>
      <line num="80" count="19" type="cond" truecount="2" falsecount="0"/>
      <line num="81" count="16" type="stmt"/>
      <line num="82" count="16" type="cond" truecount="4" falsecount="0"/>
      <line num="83" count="2" type="stmt"/>
      <line num="84" count="2" type="stmt"/>
      <line num="87" count="3" type="stmt"/>
      <line num="91" count="19" type="cond" truecount="2" falsecount="0"/>
      <line num="92" count="16" type="stmt"/>
      <line num="94" count="3" type="stmt"/>
      <line num="98" count="19" type="stmt"/>
      <line num="99" count="19" type="stmt"/>
      <line num="101" count="19" type="stmt"/>
      <line num="103" count="19" type="stmt"/>
      <line num="120" count="11" type="stmt"/>
      <line num="121" count="11" type="cond" truecount="2" falsecount="0"/>
      <line num="122" count="1" type="stmt"/>
      <line num="125" count="10" type="stmt"/>
      <line num="126" count="10" type="stmt"/>
      <line num="127" count="10" type="stmt"/>
      <line num="133" count="10" type="stmt"/>
      <line num="134" count="10" type="stmt"/>
      <line num="135" count="10" type="stmt"/>
      <line num="141" count="10" type="cond" truecount="2" falsecount="0"/>
      <line num="142" count="7" type="stmt"/>
      <line num="143" count="7" type="cond" truecount="2" falsecount="0"/>
      <line num="144" count="5" type="stmt"/>
      <line num="152" count="10" type="cond" truecount="2" falsecount="0"/>
      <line num="153" count="7" type="stmt"/>
      <line num="154" count="7" type="stmt"/>
      <line num="155" count="7" type="cond" truecount="2" falsecount="0"/>
      <line num="156" count="6" type="stmt"/>
      <line num="158" count="1" type="stmt"/>
      <line num="161" count="3" type="stmt"/>
      <line num="165" count="10" type="stmt"/>
      <line num="166" count="10" type="stmt"/>
      <line num="168" count="10" type="stmt"/>
      <line num="170" count="10" type="stmt"/>
      <line num="179" count="48" type="stmt"/>
      <line num="188" count="3" type="stmt"/>
      <line num="200" count="31" type="stmt"/>
      <line num="210" count="42" type="cond" truecount="2" falsecount="0"/>
      <line num="211" count="3" type="stmt"/>
      <line num="213" count="39" type="cond" truecount="2" falsecount="0"/>
      <line num="214" count="2" type="stmt"/>
      <line num="216" count="37" type="cond" truecount="2" falsecount="0"/>
      <line num="217" count="3" type="stmt"/>
      <line num="219" count="34" type="cond" truecount="2" falsecount="0"/>
      <line num="220" count="3" type="stmt"/>
      <line num="240" count="196" type="stmt"/>
      <line num="241" count="196" type="cond" truecount="2" falsecount="0"/>
      <line num="242" count="109" type="stmt"/>
      <line num="244" count="87" type="stmt"/>
      <line num="268" count="80" type="stmt"/>
      <line num="270" count="80" type="stmt"/>
      <line num="271" count="80" type="stmt"/>
      <line num="273" count="80" type="stmt"/>
      <line num="274" count="152" type="stmt"/>
      <line num="275" count="152" type="stmt"/>
      <line num="277" count="152" type="cond" truecount="2" falsecount="0"/>
      <line num="278" count="100" type="stmt"/>
      <line num="280" count="52" type="stmt"/>
      <line num="284" count="80" type="stmt"/>
      <line num="288" count="1" type="stmt"/>
    </file>
  </project>
</coverage>
