<?xml version="1.0" encoding="UTF-8"?>
<coverage generated="1670063448702" clover="3.2.0">
  <project timestamp="1670063448702" name="All files">
    <metrics statements="77" coveredstatements="77" conditionals="32" coveredconditionals="32" methods="11" coveredmethods="11" elements="120" coveredelements="120" complexity="0" loc="77" ncloc="77" packages="1" files="1" classes="1"/>
    <file name="range_list.js" path="/home/lighthouse/RangeList/src/range_list.js">
      <metrics statements="77" coveredstatements="77" conditionals="32" coveredconditionals="32" methods="11" coveredmethods="11"/>
      <line num="21" count="17" type="stmt"/>
      <line num="27" count="17" type="stmt"/>
      <line num="28" count="15" type="stmt"/>
      <line num="38" count="78" type="stmt"/>
      <line num="59" count="31" type="stmt"/>
      <line num="60" count="20" type="cond" truecount="2" falsecount="0"/>
      <line num="61" count="1" type="stmt"/>
      <line num="63" count="19" type="stmt"/>
      <line num="64" count="19" type="stmt"/>
      <line num="65" count="19" type="stmt"/>
      <line num="74" count="19" type="stmt"/>
      <line num="75" count="19" type="stmt"/>
      <line num="76" count="19" type="stmt"/>
      <line num="77" count="19" type="stmt"/>
      <line num="80" count="19" type="cond" truecount="2" falsecount="0"/>
      <line num="81" count="16" type="stmt"/>
      <line num="82" count="16" type="cond" truecount="4" falsecount="0"/>
      <line num="83" count="2" type="stmt"/>
      <line num="84" count="2" type="stmt"/>
      <line num="87" count="3" type="stmt"/>
      <line num="91" count="19" type="cond" truecount="2" falsecount="0"/>
      <line num="92" count="16" type="stmt"/>
      <line num="94" count="3" type="stmt"/>
      <line num="98" count="19" type="stmt"/>
      <line num="99" count="19" type="stmt"/>
      <line num="101" count="19" type="stmt"/>
      <line num="103" count="19" type="stmt"/>
      <line num="120" count="10" type="stmt"/>
      <line num="121" count="10" type="cond" truecount="2" falsecount="0"/>
      <line num="122" count="1" type="stmt"/>
      <line num="125" count="9" type="stmt"/>
      <line num="126" count="9" type="stmt"/>
      <line num="127" count="9" type="stmt"/>
      <line num="133" count="9" type="stmt"/>
      <line num="134" count="9" type="stmt"/>
      <line num="135" count="9" type="stmt"/>
      <line num="141" count="9" type="cond" truecount="2" falsecount="0"/>
      <line num="142" count="7" type="stmt"/>
      <line num="143" count="7" type="cond" truecount="2" falsecount="0"/>
      <line num="144" count="5" type="stmt"/>
      <line num="152" count="9" type="cond" truecount="2" falsecount="0"/>
      <line num="153" count="7" type="stmt"/>
      <line num="154" count="7" type="stmt"/>
      <line num="155" count="7" type="cond" truecount="2" falsecount="0"/>
      <line num="156" count="6" type="stmt"/>
      <line num="158" count="1" type="stmt"/>
      <line num="161" count="2" type="stmt"/>
      <line num="165" count="9" type="stmt"/>
      <line num="166" count="9" type="stmt"/>
      <line num="168" count="9" type="stmt"/>
      <line num="170" count="9" type="stmt"/>
      <line num="178" count="48" type="stmt"/>
      <line num="186" count="3" type="stmt"/>
      <line num="198" count="30" type="stmt"/>
      <line num="208" count="41" type="cond" truecount="2" falsecount="0"/>
      <line num="209" count="3" type="stmt"/>
      <line num="211" count="38" type="cond" truecount="2" falsecount="0"/>
      <line num="212" count="2" type="stmt"/>
      <line num="214" count="36" type="cond" truecount="2" falsecount="0"/>
      <line num="215" count="3" type="stmt"/>
      <line num="217" count="33" type="cond" truecount="2" falsecount="0"/>
      <line num="218" count="3" type="stmt"/>
      <line num="238" count="196" type="stmt"/>
      <line num="239" count="196" type="cond" truecount="2" falsecount="0"/>
      <line num="240" count="109" type="stmt"/>
      <line num="242" count="87" type="stmt"/>
      <line num="266" count="78" type="stmt"/>
      <line num="268" count="78" type="stmt"/>
      <line num="269" count="78" type="stmt"/>
      <line num="271" count="78" type="stmt"/>
      <line num="272" count="152" type="stmt"/>
      <line num="273" count="152" type="stmt"/>
      <line num="275" count="152" type="cond" truecount="2" falsecount="0"/>
      <line num="276" count="100" type="stmt"/>
      <line num="278" count="52" type="stmt"/>
      <line num="282" count="78" type="stmt"/>
      <line num="286" count="1" type="stmt"/>
    </file>
  </project>
</coverage>
