{"/home/lighthouse/RangeList/src/range_list.js": {"path":"/home/lighthouse/RangeList/src/range_list.js","statementMap":{"0":{"start":{"line":21,"column":4},"end":{"line":21,"column":22}},"1":{"start":{"line":27,"column":4},"end":{"line":29,"column":5}},"2":{"start":{"line":28,"column":6},"end":{"line":28,"column":28}},"3":{"start":{"line":38,"column":4},"end":{"line":38,"column":31}},"4":{"start":{"line":59,"column":4},"end":{"line":59,"column":28}},"5":{"start":{"line":60,"column":4},"end":{"line":62,"column":5}},"6":{"start":{"line":61,"column":6},"end":{"line":61,"column":13}},"7":{"start":{"line":63,"column":25},"end":{"line":63,"column":30}},"8":{"start":{"line":64,"column":24},"end":{"line":64,"column":41}},"9":{"start":{"line":65,"column":22},"end":{"line":65,"column":37}},"10":{"start":{"line":74,"column":20},"end":{"line":74,"column":25}},"11":{"start":{"line":75,"column":18},"end":{"line":75,"column":21}},"12":{"start":{"line":76,"column":26},"end":{"line":76,"column":37}},"13":{"start":{"line":77,"column":24},"end":{"line":77,"column":33}},"14":{"start":{"line":80,"column":4},"end":{"line":88,"column":5}},"15":{"start":{"line":81,"column":24},"end":{"line":81,"column":39}},"16":{"start":{"line":82,"column":6},"end":{"line":85,"column":7}},"17":{"start":{"line":83,"column":8},"end":{"line":83,"column":36}},"18":{"start":{"line":84,"column":8},"end":{"line":84,"column":48}},"19":{"start":{"line":87,"column":6},"end":{"line":87,"column":50}},"20":{"start":{"line":91,"column":4},"end":{"line":95,"column":5}},"21":{"start":{"line":92,"column":6},"end":{"line":92,"column":36}},"22":{"start":{"line":94,"column":6},"end":{"line":94,"column":42}},"23":{"start":{"line":98,"column":4},"end":{"line":98,"column":54}},"24":{"start":{"line":99,"column":4},"end":{"line":99,"column":50}},"25":{"start":{"line":101,"column":19},"end":{"line":101,"column":54}},"26":{"start":{"line":103,"column":4},"end":{"line":103,"column":73}},"27":{"start":{"line":120,"column":4},"end":{"line":120,"column":28}},"28":{"start":{"line":121,"column":4},"end":{"line":123,"column":5}},"29":{"start":{"line":122,"column":6},"end":{"line":122,"column":13}},"30":{"start":{"line":125,"column":25},"end":{"line":125,"column":30}},"31":{"start":{"line":126,"column":24},"end":{"line":126,"column":41}},"32":{"start":{"line":127,"column":22},"end":{"line":127,"column":37}},"33":{"start":{"line":133,"column":26},"end":{"line":133,"column":37}},"34":{"start":{"line":134,"column":24},"end":{"line":134,"column":33}},"35":{"start":{"line":135,"column":17},"end":{"line":135,"column":19}},"36":{"start":{"line":141,"column":4},"end":{"line":146,"column":5}},"37":{"start":{"line":142,"column":25},"end":{"line":142,"column":56}},"38":{"start":{"line":143,"column":6},"end":{"line":145,"column":7}},"39":{"start":{"line":144,"column":8},"end":{"line":144,"column":41}},"40":{"start":{"line":152,"column":4},"end":{"line":162,"column":5}},"41":{"start":{"line":153,"column":26},"end":{"line":153,"column":51}},"42":{"start":{"line":154,"column":25},"end":{"line":154,"column":54}},"43":{"start":{"line":155,"column":6},"end":{"line":159,"column":7}},"44":{"start":{"line":156,"column":8},"end":{"line":156,"column":40}},"45":{"start":{"line":158,"column":8},"end":{"line":158,"column":42}},"46":{"start":{"line":161,"column":6},"end":{"line":161,"column":40}},"47":{"start":{"line":165,"column":4},"end":{"line":165,"column":54}},"48":{"start":{"line":166,"column":4},"end":{"line":166,"column":50}},"49":{"start":{"line":168,"column":19},"end":{"line":168,"column":54}},"50":{"start":{"line":170,"column":4},"end":{"line":170,"column":62}},"51":{"start":{"line":178,"column":4},"end":{"line":178,"column":74}},"52":{"start":{"line":178,"column":36},"end":{"line":178,"column":62}},"53":{"start":{"line":186,"column":4},"end":{"line":186,"column":33}},"54":{"start":{"line":198,"column":4},"end":{"line":198,"column":33}},"55":{"start":{"line":208,"column":4},"end":{"line":210,"column":5}},"56":{"start":{"line":209,"column":6},"end":{"line":209,"column":54}},"57":{"start":{"line":211,"column":4},"end":{"line":213,"column":5}},"58":{"start":{"line":212,"column":6},"end":{"line":212,"column":60}},"59":{"start":{"line":214,"column":4},"end":{"line":216,"column":5}},"60":{"start":{"line":215,"column":6},"end":{"line":215,"column":64}},"61":{"start":{"line":217,"column":4},"end":{"line":219,"column":5}},"62":{"start":{"line":218,"column":6},"end":{"line":218,"column":65}},"63":{"start":{"line":238,"column":20},"end":{"line":238,"column":39}},"64":{"start":{"line":239,"column":4},"end":{"line":243,"column":5}},"65":{"start":{"line":240,"column":6},"end":{"line":240,"column":38}},"66":{"start":{"line":242,"column":6},"end":{"line":242,"column":38}},"67":{"start":{"line":266,"column":14},"end":{"line":266,"column":27}},"68":{"start":{"line":268,"column":15},"end":{"line":268,"column":16}},"69":{"start":{"line":269,"column":16},"end":{"line":269,"column":25}},"70":{"start":{"line":271,"column":4},"end":{"line":280,"column":5}},"71":{"start":{"line":272,"column":18},"end":{"line":272,"column":48}},"72":{"start":{"line":273,"column":24},"end":{"line":273,"column":43}},"73":{"start":{"line":275,"column":6},"end":{"line":279,"column":7}},"74":{"start":{"line":276,"column":8},"end":{"line":276,"column":23}},"75":{"start":{"line":278,"column":8},"end":{"line":278,"column":24}},"76":{"start":{"line":282,"column":4},"end":{"line":282,"column":16}},"77":{"start":{"line":286,"column":0},"end":{"line":286,"column":27}}},"fnMap":{"0":{"name":"(anonymous_0)","decl":{"start":{"line":20,"column":2},"end":{"line":20,"column":3}},"loc":{"start":{"line":20,"column":25},"end":{"line":30,"column":3}},"line":20},"1":{"name":"(anonymous_1)","decl":{"start":{"line":37,"column":2},"end":{"line":37,"column":3}},"loc":{"start":{"line":37,"column":11},"end":{"line":39,"column":3}},"line":37},"2":{"name":"(anonymous_2)","decl":{"start":{"line":58,"column":2},"end":{"line":58,"column":3}},"loc":{"start":{"line":58,"column":13},"end":{"line":104,"column":3}},"line":58},"3":{"name":"(anonymous_3)","decl":{"start":{"line":119,"column":2},"end":{"line":119,"column":3}},"loc":{"start":{"line":119,"column":16},"end":{"line":171,"column":3}},"line":119},"4":{"name":"(anonymous_4)","decl":{"start":{"line":177,"column":2},"end":{"line":177,"column":3}},"loc":{"start":{"line":177,"column":13},"end":{"line":179,"column":3}},"line":177},"5":{"name":"(anonymous_5)","decl":{"start":{"line":178,"column":28},"end":{"line":178,"column":29}},"loc":{"start":{"line":178,"column":36},"end":{"line":178,"column":62}},"line":178},"6":{"name":"(anonymous_6)","decl":{"start":{"line":185,"column":2},"end":{"line":185,"column":3}},"loc":{"start":{"line":185,"column":10},"end":{"line":187,"column":3}},"line":185},"7":{"name":"(anonymous_7)","decl":{"start":{"line":197,"column":2},"end":{"line":197,"column":3}},"loc":{"start":{"line":197,"column":23},"end":{"line":199,"column":3}},"line":197},"8":{"name":"(anonymous_8)","decl":{"start":{"line":207,"column":2},"end":{"line":207,"column":3}},"loc":{"start":{"line":207,"column":21},"end":{"line":220,"column":3}},"line":207},"9":{"name":"(anonymous_9)","decl":{"start":{"line":237,"column":2},"end":{"line":237,"column":3}},"loc":{"start":{"line":237,"column":19},"end":{"line":244,"column":3}},"line":237},"10":{"name":"(anonymous_10)","decl":{"start":{"line":265,"column":2},"end":{"line":265,"column":3}},"loc":{"start":{"line":265,"column":15},"end":{"line":283,"column":3}},"line":265}},"branchMap":{"0":{"loc":{"start":{"line":60,"column":4},"end":{"line":62,"column":5}},"type":"if","locations":[{"start":{"line":60,"column":4},"end":{"line":62,"column":5}},{"start":{},"end":{}}],"line":60},"1":{"loc":{"start":{"line":80,"column":4},"end":{"line":88,"column":5}},"type":"if","locations":[{"start":{"line":80,"column":4},"end":{"line":88,"column":5}},{"start":{"line":86,"column":11},"end":{"line":88,"column":5}}],"line":80},"2":{"loc":{"start":{"line":82,"column":6},"end":{"line":85,"column":7}},"type":"if","locations":[{"start":{"line":82,"column":6},"end":{"line":85,"column":7}},{"start":{},"end":{}}],"line":82},"3":{"loc":{"start":{"line":82,"column":10},"end":{"line":82,"column":62}},"type":"binary-expr","locations":[{"start":{"line":82,"column":10},"end":{"line":82,"column":23}},{"start":{"line":82,"column":27},"end":{"line":82,"column":62}}],"line":82},"4":{"loc":{"start":{"line":91,"column":4},"end":{"line":95,"column":5}},"type":"if","locations":[{"start":{"line":91,"column":4},"end":{"line":95,"column":5}},{"start":{"line":93,"column":11},"end":{"line":95,"column":5}}],"line":91},"5":{"loc":{"start":{"line":121,"column":4},"end":{"line":123,"column":5}},"type":"if","locations":[{"start":{"line":121,"column":4},"end":{"line":123,"column":5}},{"start":{},"end":{}}],"line":121},"6":{"loc":{"start":{"line":141,"column":4},"end":{"line":146,"column":5}},"type":"if","locations":[{"start":{"line":141,"column":4},"end":{"line":146,"column":5}},{"start":{},"end":{}}],"line":141},"7":{"loc":{"start":{"line":143,"column":6},"end":{"line":145,"column":7}},"type":"if","locations":[{"start":{"line":143,"column":6},"end":{"line":145,"column":7}},{"start":{},"end":{}}],"line":143},"8":{"loc":{"start":{"line":152,"column":4},"end":{"line":162,"column":5}},"type":"if","locations":[{"start":{"line":152,"column":4},"end":{"line":162,"column":5}},{"start":{"line":160,"column":11},"end":{"line":162,"column":5}}],"line":152},"9":{"loc":{"start":{"line":155,"column":6},"end":{"line":159,"column":7}},"type":"if","locations":[{"start":{"line":155,"column":6},"end":{"line":159,"column":7}},{"start":{"line":157,"column":13},"end":{"line":159,"column":7}}],"line":155},"10":{"loc":{"start":{"line":208,"column":4},"end":{"line":210,"column":5}},"type":"if","locations":[{"start":{"line":208,"column":4},"end":{"line":210,"column":5}},{"start":{},"end":{}}],"line":208},"11":{"loc":{"start":{"line":211,"column":4},"end":{"line":213,"column":5}},"type":"if","locations":[{"start":{"line":211,"column":4},"end":{"line":213,"column":5}},{"start":{},"end":{}}],"line":211},"12":{"loc":{"start":{"line":214,"column":4},"end":{"line":216,"column":5}},"type":"if","locations":[{"start":{"line":214,"column":4},"end":{"line":216,"column":5}},{"start":{},"end":{}}],"line":214},"13":{"loc":{"start":{"line":217,"column":4},"end":{"line":219,"column":5}},"type":"if","locations":[{"start":{"line":217,"column":4},"end":{"line":219,"column":5}},{"start":{},"end":{}}],"line":217},"14":{"loc":{"start":{"line":239,"column":4},"end":{"line":243,"column":5}},"type":"if","locations":[{"start":{"line":239,"column":4},"end":{"line":243,"column":5}},{"start":{"line":241,"column":11},"end":{"line":243,"column":5}}],"line":239},"15":{"loc":{"start":{"line":275,"column":6},"end":{"line":279,"column":7}},"type":"if","locations":[{"start":{"line":275,"column":6},"end":{"line":279,"column":7}},{"start":{"line":277,"column":13},"end":{"line":279,"column":7}}],"line":275}},"s":{"0":17,"1":17,"2":15,"3":78,"4":31,"5":20,"6":1,"7":19,"8":19,"9":19,"10":19,"11":19,"12":19,"13":19,"14":19,"15":16,"16":16,"17":2,"18":2,"19":3,"20":19,"21":16,"22":3,"23":19,"24":19,"25":19,"26":19,"27":10,"28":10,"29":1,"30":9,"31":9,"32":9,"33":9,"34":9,"35":9,"36":9,"37":7,"38":7,"39":5,"40":9,"41":7,"42":7,"43":7,"44":6,"45":1,"46":2,"47":9,"48":9,"49":9,"50":9,"51":31,"52":48,"53":3,"54":30,"55":41,"56":3,"57":38,"58":2,"59":36,"60":3,"61":33,"62":3,"63":196,"64":196,"65":109,"66":87,"67":78,"68":78,"69":78,"70":78,"71":152,"72":152,"73":152,"74":100,"75":52,"76":78,"77":1},"f":{"0":17,"1":78,"2":31,"3":10,"4":31,"5":48,"6":3,"7":30,"8":41,"9":196,"10":78},"b":{"0":[1,19],"1":[16,3],"2":[2,14],"3":[16,7],"4":[16,3],"5":[1,9],"6":[7,2],"7":[5,2],"8":[7,2],"9":[6,1],"10":[3,38],"11":[2,36],"12":[3,33],"13":[3,30],"14":[109,87],"15":[100,52]},"_coverageSchema":"1a1c01bbd47fc00a2c39e90264f33305004495a9","hash":"665be4fa162ad50841ac6a43dd50b68071d58cfb"}
}
