{"/home/lighthouse/RangeList/src/range_list.js": {"path":"/home/lighthouse/RangeList/src/range_list.js","statementMap":{"0":{"start":{"line":22,"column":4},"end":{"line":22,"column":22}},"1":{"start":{"line":28,"column":4},"end":{"line":30,"column":5}},"2":{"start":{"line":29,"column":6},"end":{"line":29,"column":28}},"3":{"start":{"line":39,"column":4},"end":{"line":39,"column":31}},"4":{"start":{"line":60,"column":4},"end":{"line":60,"column":28}},"5":{"start":{"line":61,"column":4},"end":{"line":63,"column":5}},"6":{"start":{"line":62,"column":6},"end":{"line":62,"column":13}},"7":{"start":{"line":64,"column":25},"end":{"line":64,"column":30}},"8":{"start":{"line":65,"column":24},"end":{"line":65,"column":41}},"9":{"start":{"line":66,"column":22},"end":{"line":66,"column":37}},"10":{"start":{"line":75,"column":20},"end":{"line":75,"column":25}},"11":{"start":{"line":76,"column":18},"end":{"line":76,"column":21}},"12":{"start":{"line":77,"column":26},"end":{"line":77,"column":37}},"13":{"start":{"line":78,"column":24},"end":{"line":78,"column":33}},"14":{"start":{"line":81,"column":4},"end":{"line":89,"column":5}},"15":{"start":{"line":82,"column":24},"end":{"line":82,"column":39}},"16":{"start":{"line":83,"column":6},"end":{"line":86,"column":7}},"17":{"start":{"line":84,"column":8},"end":{"line":84,"column":36}},"18":{"start":{"line":85,"column":8},"end":{"line":85,"column":48}},"19":{"start":{"line":88,"column":6},"end":{"line":88,"column":50}},"20":{"start":{"line":92,"column":4},"end":{"line":96,"column":5}},"21":{"start":{"line":93,"column":6},"end":{"line":93,"column":36}},"22":{"start":{"line":95,"column":6},"end":{"line":95,"column":42}},"23":{"start":{"line":99,"column":4},"end":{"line":99,"column":54}},"24":{"start":{"line":100,"column":4},"end":{"line":100,"column":50}},"25":{"start":{"line":102,"column":19},"end":{"line":102,"column":54}},"26":{"start":{"line":104,"column":4},"end":{"line":104,"column":73}},"27":{"start":{"line":121,"column":4},"end":{"line":121,"column":28}},"28":{"start":{"line":122,"column":4},"end":{"line":124,"column":5}},"29":{"start":{"line":123,"column":6},"end":{"line":123,"column":13}},"30":{"start":{"line":126,"column":25},"end":{"line":126,"column":30}},"31":{"start":{"line":127,"column":24},"end":{"line":127,"column":41}},"32":{"start":{"line":128,"column":22},"end":{"line":128,"column":37}},"33":{"start":{"line":134,"column":26},"end":{"line":134,"column":37}},"34":{"start":{"line":135,"column":24},"end":{"line":135,"column":33}},"35":{"start":{"line":136,"column":17},"end":{"line":136,"column":19}},"36":{"start":{"line":142,"column":4},"end":{"line":147,"column":5}},"37":{"start":{"line":143,"column":25},"end":{"line":143,"column":56}},"38":{"start":{"line":144,"column":6},"end":{"line":146,"column":7}},"39":{"start":{"line":145,"column":8},"end":{"line":145,"column":41}},"40":{"start":{"line":153,"column":4},"end":{"line":163,"column":5}},"41":{"start":{"line":154,"column":26},"end":{"line":154,"column":51}},"42":{"start":{"line":155,"column":25},"end":{"line":155,"column":54}},"43":{"start":{"line":156,"column":6},"end":{"line":160,"column":7}},"44":{"start":{"line":157,"column":8},"end":{"line":157,"column":40}},"45":{"start":{"line":159,"column":8},"end":{"line":159,"column":42}},"46":{"start":{"line":162,"column":6},"end":{"line":162,"column":40}},"47":{"start":{"line":166,"column":4},"end":{"line":166,"column":54}},"48":{"start":{"line":167,"column":4},"end":{"line":167,"column":50}},"49":{"start":{"line":169,"column":19},"end":{"line":169,"column":54}},"50":{"start":{"line":171,"column":4},"end":{"line":171,"column":62}},"51":{"start":{"line":180,"column":4},"end":{"line":180,"column":74}},"52":{"start":{"line":180,"column":36},"end":{"line":180,"column":62}},"53":{"start":{"line":189,"column":4},"end":{"line":189,"column":33}},"54":{"start":{"line":201,"column":4},"end":{"line":201,"column":33}},"55":{"start":{"line":211,"column":4},"end":{"line":213,"column":5}},"56":{"start":{"line":212,"column":6},"end":{"line":212,"column":79}},"57":{"start":{"line":214,"column":4},"end":{"line":216,"column":5}},"58":{"start":{"line":215,"column":6},"end":{"line":215,"column":85}},"59":{"start":{"line":217,"column":4},"end":{"line":219,"column":5}},"60":{"start":{"line":218,"column":6},"end":{"line":218,"column":89}},"61":{"start":{"line":220,"column":4},"end":{"line":222,"column":5}},"62":{"start":{"line":221,"column":6},"end":{"line":221,"column":90}},"63":{"start":{"line":241,"column":20},"end":{"line":241,"column":39}},"64":{"start":{"line":242,"column":4},"end":{"line":246,"column":5}},"65":{"start":{"line":243,"column":6},"end":{"line":243,"column":38}},"66":{"start":{"line":245,"column":6},"end":{"line":245,"column":38}},"67":{"start":{"line":269,"column":14},"end":{"line":269,"column":27}},"68":{"start":{"line":271,"column":15},"end":{"line":271,"column":16}},"69":{"start":{"line":272,"column":16},"end":{"line":272,"column":25}},"70":{"start":{"line":274,"column":4},"end":{"line":283,"column":5}},"71":{"start":{"line":275,"column":18},"end":{"line":275,"column":48}},"72":{"start":{"line":276,"column":24},"end":{"line":276,"column":43}},"73":{"start":{"line":278,"column":6},"end":{"line":282,"column":7}},"74":{"start":{"line":279,"column":8},"end":{"line":279,"column":23}},"75":{"start":{"line":281,"column":8},"end":{"line":281,"column":24}},"76":{"start":{"line":285,"column":4},"end":{"line":285,"column":16}},"77":{"start":{"line":302,"column":0},"end":{"line":313,"column":1}},"78":{"start":{"line":310,"column":4},"end":{"line":310,"column":19}},"79":{"start":{"line":311,"column":4},"end":{"line":311,"column":39}},"80":{"start":{"line":315,"column":0},"end":{"line":315,"column":27}}},"fnMap":{"0":{"name":"(anonymous_0)","decl":{"start":{"line":21,"column":2},"end":{"line":21,"column":3}},"loc":{"start":{"line":21,"column":25},"end":{"line":31,"column":3}},"line":21},"1":{"name":"(anonymous_1)","decl":{"start":{"line":38,"column":2},"end":{"line":38,"column":3}},"loc":{"start":{"line":38,"column":11},"end":{"line":40,"column":3}},"line":38},"2":{"name":"(anonymous_2)","decl":{"start":{"line":59,"column":2},"end":{"line":59,"column":3}},"loc":{"start":{"line":59,"column":13},"end":{"line":105,"column":3}},"line":59},"3":{"name":"(anonymous_3)","decl":{"start":{"line":120,"column":2},"end":{"line":120,"column":3}},"loc":{"start":{"line":120,"column":16},"end":{"line":172,"column":3}},"line":120},"4":{"name":"(anonymous_4)","decl":{"start":{"line":179,"column":2},"end":{"line":179,"column":3}},"loc":{"start":{"line":179,"column":13},"end":{"line":181,"column":3}},"line":179},"5":{"name":"(anonymous_5)","decl":{"start":{"line":180,"column":28},"end":{"line":180,"column":29}},"loc":{"start":{"line":180,"column":36},"end":{"line":180,"column":62}},"line":180},"6":{"name":"(anonymous_6)","decl":{"start":{"line":188,"column":2},"end":{"line":188,"column":3}},"loc":{"start":{"line":188,"column":10},"end":{"line":190,"column":3}},"line":188},"7":{"name":"(anonymous_7)","decl":{"start":{"line":200,"column":2},"end":{"line":200,"column":3}},"loc":{"start":{"line":200,"column":23},"end":{"line":202,"column":3}},"line":200},"8":{"name":"(anonymous_8)","decl":{"start":{"line":210,"column":2},"end":{"line":210,"column":3}},"loc":{"start":{"line":210,"column":21},"end":{"line":223,"column":3}},"line":210},"9":{"name":"(anonymous_9)","decl":{"start":{"line":240,"column":2},"end":{"line":240,"column":3}},"loc":{"start":{"line":240,"column":19},"end":{"line":247,"column":3}},"line":240},"10":{"name":"(anonymous_10)","decl":{"start":{"line":268,"column":2},"end":{"line":268,"column":3}},"loc":{"start":{"line":268,"column":15},"end":{"line":286,"column":3}},"line":268},"11":{"name":"(anonymous_11)","decl":{"start":{"line":309,"column":2},"end":{"line":309,"column":3}},"loc":{"start":{"line":309,"column":23},"end":{"line":312,"column":3}},"line":309}},"branchMap":{"0":{"loc":{"start":{"line":61,"column":4},"end":{"line":63,"column":5}},"type":"if","locations":[{"start":{"line":61,"column":4},"end":{"line":63,"column":5}},{"start":{},"end":{}}],"line":61},"1":{"loc":{"start":{"line":81,"column":4},"end":{"line":89,"column":5}},"type":"if","locations":[{"start":{"line":81,"column":4},"end":{"line":89,"column":5}},{"start":{"line":87,"column":11},"end":{"line":89,"column":5}}],"line":81},"2":{"loc":{"start":{"line":83,"column":6},"end":{"line":86,"column":7}},"type":"if","locations":[{"start":{"line":83,"column":6},"end":{"line":86,"column":7}},{"start":{},"end":{}}],"line":83},"3":{"loc":{"start":{"line":83,"column":10},"end":{"line":83,"column":62}},"type":"binary-expr","locations":[{"start":{"line":83,"column":10},"end":{"line":83,"column":23}},{"start":{"line":83,"column":27},"end":{"line":83,"column":62}}],"line":83},"4":{"loc":{"start":{"line":92,"column":4},"end":{"line":96,"column":5}},"type":"if","locations":[{"start":{"line":92,"column":4},"end":{"line":96,"column":5}},{"start":{"line":94,"column":11},"end":{"line":96,"column":5}}],"line":92},"5":{"loc":{"start":{"line":122,"column":4},"end":{"line":124,"column":5}},"type":"if","locations":[{"start":{"line":122,"column":4},"end":{"line":124,"column":5}},{"start":{},"end":{}}],"line":122},"6":{"loc":{"start":{"line":142,"column":4},"end":{"line":147,"column":5}},"type":"if","locations":[{"start":{"line":142,"column":4},"end":{"line":147,"column":5}},{"start":{},"end":{}}],"line":142},"7":{"loc":{"start":{"line":144,"column":6},"end":{"line":146,"column":7}},"type":"if","locations":[{"start":{"line":144,"column":6},"end":{"line":146,"column":7}},{"start":{},"end":{}}],"line":144},"8":{"loc":{"start":{"line":153,"column":4},"end":{"line":163,"column":5}},"type":"if","locations":[{"start":{"line":153,"column":4},"end":{"line":163,"column":5}},{"start":{"line":161,"column":11},"end":{"line":163,"column":5}}],"line":153},"9":{"loc":{"start":{"line":156,"column":6},"end":{"line":160,"column":7}},"type":"if","locations":[{"start":{"line":156,"column":6},"end":{"line":160,"column":7}},{"start":{"line":158,"column":13},"end":{"line":160,"column":7}}],"line":156},"10":{"loc":{"start":{"line":211,"column":4},"end":{"line":213,"column":5}},"type":"if","locations":[{"start":{"line":211,"column":4},"end":{"line":213,"column":5}},{"start":{},"end":{}}],"line":211},"11":{"loc":{"start":{"line":214,"column":4},"end":{"line":216,"column":5}},"type":"if","locations":[{"start":{"line":214,"column":4},"end":{"line":216,"column":5}},{"start":{},"end":{}}],"line":214},"12":{"loc":{"start":{"line":217,"column":4},"end":{"line":219,"column":5}},"type":"if","locations":[{"start":{"line":217,"column":4},"end":{"line":219,"column":5}},{"start":{},"end":{}}],"line":217},"13":{"loc":{"start":{"line":220,"column":4},"end":{"line":222,"column":5}},"type":"if","locations":[{"start":{"line":220,"column":4},"end":{"line":222,"column":5}},{"start":{},"end":{}}],"line":220},"14":{"loc":{"start":{"line":242,"column":4},"end":{"line":246,"column":5}},"type":"if","locations":[{"start":{"line":242,"column":4},"end":{"line":246,"column":5}},{"start":{"line":244,"column":11},"end":{"line":246,"column":5}}],"line":242},"15":{"loc":{"start":{"line":278,"column":6},"end":{"line":282,"column":7}},"type":"if","locations":[{"start":{"line":278,"column":6},"end":{"line":282,"column":7}},{"start":{"line":280,"column":13},"end":{"line":282,"column":7}}],"line":278}},"s":{"0":21,"1":21,"2":15,"3":80,"4":33,"5":20,"6":1,"7":19,"8":19,"9":19,"10":19,"11":19,"12":19,"13":19,"14":19,"15":16,"16":16,"17":2,"18":2,"19":3,"20":19,"21":16,"22":3,"23":19,"24":19,"25":19,"26":19,"27":11,"28":11,"29":1,"30":10,"31":10,"32":10,"33":10,"34":10,"35":10,"36":10,"37":7,"38":7,"39":5,"40":10,"41":7,"42":7,"43":7,"44":6,"45":1,"46":3,"47":10,"48":10,"49":10,"50":10,"51":32,"52":48,"53":3,"54":31,"55":44,"56":3,"57":41,"58":2,"59":39,"60":4,"61":35,"62":4,"63":196,"64":196,"65":109,"66":87,"67":80,"68":80,"69":80,"70":80,"71":152,"72":152,"73":152,"74":100,"75":52,"76":80,"77":1,"78":13,"79":13,"80":1},"f":{"0":21,"1":80,"2":33,"3":11,"4":32,"5":48,"6":3,"7":31,"8":44,"9":196,"10":80,"11":13},"b":{"0":[1,19],"1":[16,3],"2":[2,14],"3":[16,7],"4":[16,3],"5":[1,10],"6":[7,3],"7":[5,2],"8":[7,3],"9":[6,1],"10":[3,41],"11":[2,39],"12":[4,35],"13":[4,31],"14":[109,87],"15":[100,52]},"_coverageSchema":"1a1c01bbd47fc00a2c39e90264f33305004495a9","hash":"c86b52c268e2e793aa886b27b3921a2414d10a10"}
}
