TN:
SF:src/range_list.js
FN:21,(anonymous_0)
FN:38,(anonymous_1)
FN:59,(anonymous_2)
FN:120,(anonymous_3)
FN:179,(anonymous_4)
FN:180,(anonymous_5)
FN:188,(anonymous_6)
FN:200,(anonymous_7)
FN:210,(anonymous_8)
FN:240,(anonymous_9)
FN:268,(anonymous_10)
FN:309,(anonymous_11)
FNF:12
FNH:12
FNDA:21,(anonymous_0)
FNDA:80,(anonymous_1)
FNDA:33,(anonymous_2)
FNDA:11,(anonymous_3)
FNDA:32,(anonymous_4)
FNDA:48,(anonymous_5)
FNDA:3,(anonymous_6)
FNDA:31,(anonymous_7)
FNDA:44,(anonymous_8)
FNDA:196,(anonymous_9)
FNDA:80,(anonymous_10)
FNDA:13,(anonymous_11)
DA:22,21
DA:28,21
DA:29,15
DA:39,80
DA:60,33
DA:61,20
DA:62,1
DA:64,19
DA:65,19
DA:66,19
DA:75,19
DA:76,19
DA:77,19
DA:78,19
DA:81,19
DA:82,16
DA:83,16
DA:84,2
DA:85,2
DA:88,3
DA:92,19
DA:93,16
DA:95,3
DA:99,19
DA:100,19
DA:102,19
DA:104,19
DA:121,11
DA:122,11
DA:123,1
DA:126,10
DA:127,10
DA:128,10
DA:134,10
DA:135,10
DA:136,10
DA:142,10
DA:143,7
DA:144,7
DA:145,5
DA:153,10
DA:154,7
DA:155,7
DA:156,7
DA:157,6
DA:159,1
DA:162,3
DA:166,10
DA:167,10
DA:169,10
DA:171,10
DA:180,48
DA:189,3
DA:201,31
DA:211,44
DA:212,3
DA:214,41
DA:215,2
DA:217,39
DA:218,4
DA:220,35
DA:221,4
DA:241,196
DA:242,196
DA:243,109
DA:245,87
DA:269,80
DA:271,80
DA:272,80
DA:274,80
DA:275,152
DA:276,152
DA:278,152
DA:279,100
DA:281,52
DA:285,80
DA:302,1
DA:310,13
DA:311,13
DA:315,1
LF:80
LH:80
BRDA:61,0,0,1
BRDA:61,0,1,19
BRDA:81,1,0,16
BRDA:81,1,1,3
BRDA:83,2,0,2
BRDA:83,2,1,14
BRDA:83,3,0,16
BRDA:83,3,1,7
BRDA:92,4,0,16
BRDA:92,4,1,3
BRDA:122,5,0,1
BRDA:122,5,1,10
BRDA:142,6,0,7
BRDA:142,6,1,3
BRDA:144,7,0,5
BRDA:144,7,1,2
BRDA:153,8,0,7
BRDA:153,8,1,3
BRDA:156,9,0,6
BRDA:156,9,1,1
BRDA:211,10,0,3
BRDA:211,10,1,41
BRDA:214,11,0,2
BRDA:214,11,1,39
BRDA:217,12,0,4
BRDA:217,12,1,35
BRDA:220,13,0,4
BRDA:220,13,1,31
BRDA:242,14,0,109
BRDA:242,14,1,87
BRDA:278,15,0,100
BRDA:278,15,1,52
BRF:32
BRH:32
end_of_record
