TN:
SF:src/range_list.js
FN:20,(anonymous_0)
FN:37,(anonymous_1)
FN:58,(anonymous_2)
FN:119,(anonymous_3)
FN:177,(anonymous_4)
FN:178,(anonymous_5)
FN:185,(anonymous_6)
FN:197,(anonymous_7)
FN:207,(anonymous_8)
FN:237,(anonymous_9)
FN:265,(anonymous_10)
FNF:11
FNH:11
FNDA:17,(anonymous_0)
FNDA:78,(anonymous_1)
FNDA:31,(anonymous_2)
FNDA:10,(anonymous_3)
FNDA:31,(anonymous_4)
FNDA:48,(anonymous_5)
FNDA:3,(anonymous_6)
FNDA:30,(anonymous_7)
FNDA:41,(anonymous_8)
FNDA:196,(anonymous_9)
FNDA:78,(anonymous_10)
DA:21,17
DA:27,17
DA:28,15
DA:38,78
DA:59,31
DA:60,20
DA:61,1
DA:63,19
DA:64,19
DA:65,19
DA:74,19
DA:75,19
DA:76,19
DA:77,19
DA:80,19
DA:81,16
DA:82,16
DA:83,2
DA:84,2
DA:87,3
DA:91,19
DA:92,16
DA:94,3
DA:98,19
DA:99,19
DA:101,19
DA:103,19
DA:120,10
DA:121,10
DA:122,1
DA:125,9
DA:126,9
DA:127,9
DA:133,9
DA:134,9
DA:135,9
DA:141,9
DA:142,7
DA:143,7
DA:144,5
DA:152,9
DA:153,7
DA:154,7
DA:155,7
DA:156,6
DA:158,1
DA:161,2
DA:165,9
DA:166,9
DA:168,9
DA:170,9
DA:178,48
DA:186,3
DA:198,30
DA:208,41
DA:209,3
DA:211,38
DA:212,2
DA:214,36
DA:215,3
DA:217,33
DA:218,3
DA:238,196
DA:239,196
DA:240,109
DA:242,87
DA:266,78
DA:268,78
DA:269,78
DA:271,78
DA:272,152
DA:273,152
DA:275,152
DA:276,100
DA:278,52
DA:282,78
DA:286,1
LF:77
LH:77
BRDA:60,0,0,1
BRDA:60,0,1,19
BRDA:80,1,0,16
BRDA:80,1,1,3
BRDA:82,2,0,2
BRDA:82,2,1,14
BRDA:82,3,0,16
BRDA:82,3,1,7
BRDA:91,4,0,16
BRDA:91,4,1,3
BRDA:121,5,0,1
BRDA:121,5,1,9
BRDA:141,6,0,7
BRDA:141,6,1,2
BRDA:143,7,0,5
BRDA:143,7,1,2
BRDA:152,8,0,7
BRDA:152,8,1,2
BRDA:155,9,0,6
BRDA:155,9,1,1
BRDA:208,10,0,3
BRDA:208,10,1,38
BRDA:211,11,0,2
BRDA:211,11,1,36
BRDA:214,12,0,3
BRDA:214,12,1,33
BRDA:217,13,0,3
BRDA:217,13,1,30
BRDA:239,14,0,109
BRDA:239,14,1,87
BRDA:275,15,0,100
BRDA:275,15,1,52
BRF:32
BRH:32
end_of_record
